<?xml version="1.0" encoding="UTF-8"?>
<!-- Generated by org.testng.reporters.JUnitReportReporter -->
<testsuite hostname="mindc1d399" failures="0" tests="1" name="com.mindtree.runner.TestCase2" time="3.963" errors="0" timestamp="2022-05-19T10:24:35 IST" skipped="0">
  <testcase classname="com.mindtree.runner.TestCase2" name="test2" time="3.963"/>
  <system-out/>
</testsuite> <!-- com.mindtree.runner.TestCase2 -->
