<?xml version="1.0" encoding="UTF-8"?>
<!-- Generated by org.testng.reporters.JUnitReportReporter -->
<testsuite hostname="mindc1d399" failures="0" tests="10" name="com.mindtree.runner.TestCase1" time="23.489" errors="0" timestamp="2022-05-19T11:28:06 IST" skipped="0">
  <testcase classname="com.mindtree.runner.TestCase1" name="test1" time="3.109"/>
  <system-out/>
  <testcase classname="com.mindtree.runner.TestCase1" name="test2" time="1.891"/>
  <system-out/>
  <testcase classname="com.mindtree.runner.TestCase1" name="test3" time="2.218"/>
  <system-out/>
  <testcase classname="com.mindtree.runner.TestCase1" name="test4" time="2.327"/>
  <system-out/>
  <testcase classname="com.mindtree.runner.TestCase1" name="test5" time="1.317"/>
  <system-out/>
  <testcase classname="com.mindtree.runner.TestCase1" name="test6" time="2.268"/>
  <system-out/>
  <testcase classname="com.mindtree.runner.TestCase1" name="test7" time="2.246"/>
  <system-out/>
  <testcase classname="com.mindtree.runner.TestCase1" name="test8" time="2.546"/>
  <system-out/>
  <testcase classname="com.mindtree.runner.TestCase1" name="test9" time="3.654"/>
  <system-out/>
  <testcase classname="com.mindtree.runner.TestCase1" name="test10" time="1.913"/>
  <system-out/>
</testsuite> <!-- com.mindtree.runner.TestCase1 -->
